<?xml version="1.0" encoding="UTF-8"?>
<testng-results ignored="0" total="3" passed="3" failed="0" skipped="0">
  <reporter-output>
  </reporter-output>
  <suite started-at="2021-05-02T21:40:48 MDT" name="Default suite" finished-at="2021-05-02T21:40:54 MDT" duration-ms="6332">
    <groups>
    </groups>
    <test started-at="2021-05-02T21:40:48 MDT" name="Default test" finished-at="2021-05-02T21:40:54 MDT" duration-ms="6332">
      <class name="DynamiCTestNG">
        <test-method signature="dynamic(java.lang.String, java.lang.String)[pri:0, instance:DynamiCTestNG@49d904ec]" started-at="2021-05-02T21:40:48 MDT" name="dynamic" data-provider="bookdate" finished-at="2021-05-02T21:40:52 MDT" duration-ms="3971" status="PASS">
          <params>
            <param index="0">
              <value>
                <![CDATA[asd]]>
              </value>
            </param>
            <param index="1">
              <value>
                <![CDATA[2233rf]]>
              </value>
            </param>
          </params>
          <reporter-output>
          </reporter-output>
        </test-method> <!-- dynamic -->
        <test-method signature="dynamic(java.lang.String, java.lang.String)[pri:0, instance:DynamiCTestNG@49d904ec]" started-at="2021-05-02T21:40:52 MDT" name="dynamic" data-provider="bookdate" finished-at="2021-05-02T21:40:53 MDT" duration-ms="1164" status="PASS">
          <params>
            <param index="0">
              <value>
                <![CDATA[wer]]>
              </value>
            </param>
            <param index="1">
              <value>
                <![CDATA[556yh]]>
              </value>
            </param>
          </params>
          <reporter-output>
          </reporter-output>
        </test-method> <!-- dynamic -->
        <test-method signature="dynamic(java.lang.String, java.lang.String)[pri:0, instance:DynamiCTestNG@49d904ec]" started-at="2021-05-02T21:40:53 MDT" name="dynamic" data-provider="bookdate" finished-at="2021-05-02T21:40:54 MDT" duration-ms="1122" status="PASS">
          <params>
            <param index="0">
              <value>
                <![CDATA[poi]]>
              </value>
            </param>
            <param index="1">
              <value>
                <![CDATA[33rf44]]>
              </value>
            </param>
          </params>
          <reporter-output>
          </reporter-output>
        </test-method> <!-- dynamic -->
      </class> <!-- DynamiCTestNG -->
    </test> <!-- Default test -->
  </suite> <!-- Default suite -->
</testng-results>
